<?xml version="1.0" encoding="UTF-8"?>
<!-- Generated by org.testng.reporters.JUnitReportReporter -->
<testsuite hostname="LTIN509231" failures="0" tests="11" name="TestCases.WorldClock_tc" time="108.605" errors="0" timestamp="2024-04-03T16:07:44 IST" skipped="0">
  <testcase classname="TestCases.WorldClock_tc" name="captureUserInfo" time="17.981"/>
  <testcase classname="TestCases.WorldClock_tc" name="validationOfWorldClock" time="2.078"/>
  <testcase classname="TestCases.WorldClock_tc" name="ValidationofCurretDateAndWeek" time="4.161"/>
  <testcase classname="TestCases.WorldClock_tc" name="ValidationOfBangaloreTime" time="7.181"/>
  <testcase classname="TestCases.WorldClock_tc" name="ValidationOfLondonTimeAndNewYorkTime" time="29.887"/>
  <testcase classname="TestCases.WorldClock_tc" name="validationOfTimeZoneDifferenceForLondon" time="0.261"/>
  <testcase classname="TestCases.WorldClock_tc" name="validationOfTimeZoneDifferenceForNewYork" time="0.294"/>
  <testcase classname="TestCases.WorldClock_tc" name="clickOnOneCognizant" time="5.385"/>
  <testcase classname="TestCases.WorldClock_tc" name="clickViewAllApps" time="40.355"/>
  <testcase classname="TestCases.WorldClock_tc" name="validationOfAtoZAlphabats" time="0.203"/>
  <testcase classname="TestCases.WorldClock_tc" name="getRandomAlphabatAppDetails" time="0.819"/>
</testsuite> <!-- TestCases.WorldClock_tc -->
